#
# There is insufficient memory for the Java Runtime Environment to continue.
# Native memory allocation (malloc) failed to allocate 1048576 bytes for E in C:\jdk7u2_64p\jdk7u21\hotspot\src\share\vm\utilities/taskqueue.hpp
# Possible reasons:
#   The system is out of physical RAM or swap space
#   In 32 bit mode, the process size limit was hit
# Possible solutions:
#   Reduce memory load on the system
#   Increase physical memory or swap space
#   Check if swap backing store is full
#   Use 64 bit Java on a 64 bit OS
#   Decrease Java heap size (-Xmx/-Xms)
#   Decrease number of Java threads
#   Decrease Java thread stack sizes (-Xss)
#   Set larger code cache with -XX:ReservedCodeCacheSize=
# This output file may be truncated or incomplete.
#
#  Out of Memory Error (memory/allocation.inline.hpp:58), pid=10508, tid=8944
#
# JRE version: 7.0_21-b11
# Java VM: Java HotSpot(TM) 64-Bit Server VM (23.21-b01 mixed mode windows-amd64 compressed oops)
# Failed to write core dump. Minidumps are not enabled by default on client versions of Windows
#

---------------  T H R E A D  ---------------

Current thread (0x000000000269d800):  JavaThread "Unknown thread" [_thread_in_vm, id=8944, stack(0x00000000029a0000,0x0000000002aa0000)]

Stack: [0x00000000029a0000,0x0000000002aa0000]

---------------  P R O C E S S  ---------------

Java Threads: ( => current thread )

Other Threads:

=>0x000000000269d800 (exited) JavaThread "Unknown thread" [_thread_in_vm, id=8944, stack(0x00000000029a0000,0x0000000002aa0000)]

VM state:not at safepoint (normal execution)

VM Mutex/Monitor currently owned by a thread: None

Heap
 PSYoungGen      total 37824K, used 649K [0x00000000eaab0000, 0x00000000ed4e0000, 0x0000000100000000)
  eden space 32448K, 2% used [0x00000000eaab0000,0x00000000eab52440,0x00000000eca60000)
  from space 5376K, 0% used [0x00000000ecfa0000,0x00000000ecfa0000,0x00000000ed4e0000)
  to   space 5376K, 0% used [0x00000000eca60000,0x00000000eca60000,0x00000000ecfa0000)
 ParOldGen       total 86400K, used 0K [0x00000000c0000000, 0x00000000c5460000, 0x00000000eaab0000)
  object space 86400K, 0% used [0x00000000c0000000,0x00000000c0000000,0x00000000c5460000)
 PSPermGen       total 21248K, used 702K [0x00000000bae00000, 0x00000000bc2c0000, 0x00000000c0000000)
  object space 21248K, 3% used [0x00000000bae00000,0x00000000baeafb18,0x00000000bc2c0000)

Card table byte_map: [0x0000000005aa0000,0x0000000005cd0000] byte_map_base: 0x00000000054c9000

Polling page: 0x0000000000250000

Code Cache  [0x0000000002aa0000, 0x0000000002d10000, 0x0000000005aa0000)
 total_blobs=39 nmethods=0 adapters=20 free_code_cache=48889Kb largest_free_block=50062912

Compilation events (0 events):
No events

GC Heap History (0 events):
No events

Deoptimization events (0 events):
No events

Internal exceptions (0 events):
No events

Events (10 events):
Event: 0.028 loading class 0x00000000025742c0
Event: 0.028 loading class 0x00000000025742c0 done
Event: 0.028 loading class 0x00000000025b1930
Event: 0.028 loading class 0x00000000025b1930 done
Event: 0.028 loading class 0x00000000025b1960
Event: 0.028 loading class 0x00000000025b1960 done
Event: 0.029 loading class 0x0000000002572020
Event: 0.029 loading class 0x0000000002572020 done
Event: 0.029 loading class 0x0000000002571be0
Event: 0.029 loading class 0x0000000002571be0 done


Dynamic libraries:
0x000000013f200000 - 0x000000013f233000 	C:\Program Files\Java\jdk1.7.0_21\bin\java.exe
0x0000000077200000 - 0x00000000773aa000 	C:\windows\SYSTEM32\ntdll.dll
0x00000000770e0000 - 0x00000000771ff000 	C:\windows\system32\kernel32.dll
0x000007fefd1f0000 - 0x000007fefd25a000 	C:\windows\system32\KERNELBASE.dll
0x000007fefd5e0000 - 0x000007fefd6bb000 	C:\windows\system32\ADVAPI32.dll
0x000007fefda50000 - 0x000007fefdaef000 	C:\windows\system32\msvcrt.dll
0x000007feff0b0000 - 0x000007feff0cf000 	C:\windows\SYSTEM32\sechost.dll
0x000007fefd8d0000 - 0x000007fefd9fd000 	C:\windows\system32\RPCRT4.dll
0x0000000076fe0000 - 0x00000000770da000 	C:\windows\system32\USER32.dll
0x000007fefdaf0000 - 0x000007fefdb57000 	C:\windows\system32\GDI32.dll
0x000007fefef10000 - 0x000007fefef1e000 	C:\windows\system32\LPK.dll
0x000007feff130000 - 0x000007feff1fa000 	C:\windows\system32\USP10.dll
0x000007fefb570000 - 0x000007fefb764000 	C:\windows\WinSxS\amd64_microsoft.windows.common-controls_6595b64144ccf1df_6.0.7601.18837_none_fa3b1e3d17594757\COMCTL32.dll
0x000007feff200000 - 0x000007feff271000 	C:\windows\system32\SHLWAPI.dll
0x000007feff460000 - 0x000007feff48e000 	C:\windows\system32\IMM32.DLL
0x000007fefdcc0000 - 0x000007fefddc9000 	C:\windows\system32\MSCTF.dll
0x000007fefceb0000 - 0x000007fefceec000 	C:\Windows\system32\nvinitx.dll
0x000000000f000000 - 0x000000000f006000 	C:\Program Files\NVIDIA Corporation\CoProcManager\_etoured.dll
0x000007fef9f70000 - 0x000007fef9fb4000 	C:\Program Files\NVIDIA Corporation\CoProcManager\nvd3d9wrapx.dll
0x000007feff280000 - 0x000007feff457000 	C:\windows\system32\SETUPAPI.dll
0x000007fefd190000 - 0x000007fefd1c6000 	C:\windows\system32\CFGMGR32.dll
0x000007fefee30000 - 0x000007fefef08000 	C:\windows\system32\OLEAUT32.dll
0x000007fefd6c0000 - 0x000007fefd8c3000 	C:\windows\system32\ole32.dll
0x000007fefd260000 - 0x000007fefd27a000 	C:\windows\system32\DEVOBJ.dll
0x000007fef9f20000 - 0x000007fef9f62000 	C:\Program Files\NVIDIA Corporation\CoProcManager\nvdxgiwrapx.dll
0x0000000057f60000 - 0x0000000058031000 	C:\Program Files\Java\jdk1.7.0_21\jre\bin\msvcr100.dll
0x0000000057830000 - 0x0000000057f51000 	C:\Program Files\Java\jdk1.7.0_21\jre\bin\server\jvm.dll
0x000007fef8f80000 - 0x000007fef8f89000 	C:\windows\system32\WSOCK32.dll
0x000007fefda00000 - 0x000007fefda4d000 	C:\windows\system32\WS2_32.dll
0x000007fefd340000 - 0x000007fefd348000 	C:\windows\system32\NSI.dll
0x000007fefb480000 - 0x000007fefb4bb000 	C:\windows\system32\WINMM.dll
0x00000000773d0000 - 0x00000000773d7000 	C:\windows\system32\PSAPI.DLL
0x000000006b400000 - 0x000000006b40f000 	C:\Program Files\Java\jdk1.7.0_21\jre\bin\verify.dll
0x0000000066440000 - 0x0000000066468000 	C:\Program Files\Java\jdk1.7.0_21\jre\bin\java.dll
0x00000000649b0000 - 0x00000000649c5000 	C:\Program Files\Java\jdk1.7.0_21\jre\bin\zip.dll

VM Arguments:
jvm_args: -Djava.awt.headless=true -Xmx1024M -Dfile.encoding=UTF-8 -Duser.country=CN -Duser.language=zh -Duser.variant 
java_command: com.android.dx.command.Main --dex --num-threads=4 --output D:\dctgbmob\app\build\intermediates\pre-dexed\debug\com.google.android.gms-play-services-base-8.4.0_b29f4275d4bda2475a4a9c45bb0400c990acae93.jar D:\dctgbmob\app\build\intermediates\exploded-aar\com.google.android.gms\play-services-base\8.4.0\jars\classes.jar
Launcher Type: SUN_STANDARD

Environment Variables:
JAVA_HOME=C:\Program Files\Java\jdk1.7.0_21
CLASSPATH=. ;C:\Program Files\Java\jdk1.7.0_21\lib\dt.jar;C:\Program Files\Java\jdk1.7.0_21\ lib\tools.jar;D:\Tomcat6\lib\servlet-api.jar
PATH=C:\Program Files\ImageMagick-7.0.0-Q16;C:\Program Files (x86)\ImageMagick-7.0.0-Q16;C:\Program Files (x86)\SepanderSoft;C:\Program Files\Common Files\Microsoft Shared\Windows Live;C:\Program Files (x86)\Common Files\Microsoft Shared\Windows Live;C:\windows\system32;C:\windows;C:\windows\System32\Wbem;C:\windows\System32\WindowsPowerShell\v1.0\;C:\Program Files\Intel\WiFi\bin\;C:\Program Files\Common Files\Intel\WirelessCommon\;c:\Program Files (x86)\Common Files\Roxio Shared\DLLShared\;c:\Program Files (x86)\Common Files\Roxio Shared\OEM\DLLShared\;c:\Program Files (x86)\Common Files\Roxio Shared\OEM\DLLShared\;c:\Program Files (x86)\Common Files\Roxio Shared\OEM\12.0\DLLShared\;c:\Program Files (x86)\Roxio\OEM\AudioCore\;C:\Program Files (x86)\Windows Live\Shared;D:\MySQL\bin;;D:\Program Files (x86)\MySQL\MySQL Server 5.1\bin;C:\Program Files (x86)\MySQL\MySQL Server 5.1\bin;java_home\bin;java_home\jre\bin;C:\Program Files (x86)\Microsoft SQL Server\100\Tools\Binn\;C:\Program Files\Microsoft SQL Server\100\Tools\Binn\;C:\Program Files\Microsoft SQL Server\100\DTS\Binn\;C:\Program Files (x86)\Microsoft SQL Server\100\Tools\Binn\VSShell\Common7\IDE\;C:\Program Files (x86)\Microsoft Visual Studio 9.0\Common7\IDE\PrivateAssemblies\;C:\Program Files (x86)\Microsoft SQL Server\100\DTS\Binn\;D:\DevInstall\Subversion\bin;C:\Program Files\TortoiseSVN\bin;C:\Program Files\Java\jdk1.7.0_21\bin;E:\ANDROID\adt-bundle-windows-x86_64-20131030\sdk\platform-tools;D:\Tomcat6\lib;D:\Tomcat6\bin;E:\ANDROID\adt-bundle-windows-x86_64-20131030\sdk\tools
USERNAME=lzxyy
OS=Windows_NT
PROCESSOR_IDENTIFIER=Intel64 Family 6 Model 42 Stepping 7, GenuineIntel



---------------  S Y S T E M  ---------------

OS: Windows 7 , 64 bit Build 7601 Service Pack 1

CPU:total 4 (2 cores per cpu, 2 threads per core) family 6 model 42 stepping 7, cmov, cx8, fxsr, mmx, sse, sse2, sse3, ssse3, sse4.1, sse4.2, popcnt, avx, ht, tsc, tscinvbit

Memory: 4k page, physical 8293544k(1243400k free), swap 11016408k(245264k free)

vm_info: Java HotSpot(TM) 64-Bit Server VM (23.21-b01) for windows-amd64 JRE (1.7.0_21-b11), built on Apr  4 2013 08:11:28 by "java_re" with unknown MS VC++:1600

time: Sat May 14 11:31:58 2016
elapsed time: 1 seconds

