#
# There is insufficient memory for the Java Runtime Environment to continue.
# Native memory allocation (malloc) failed to allocate 179376 bytes for Chunk::new
# Possible reasons:
#   The system is out of physical RAM or swap space
#   In 32 bit mode, the process size limit was hit
# Possible solutions:
#   Reduce memory load on the system
#   Increase physical memory or swap space
#   Check if swap backing store is full
#   Use 64 bit Java on a 64 bit OS
#   Decrease Java heap size (-Xmx/-Xms)
#   Decrease number of Java threads
#   Decrease Java thread stack sizes (-Xss)
#   Set larger code cache with -XX:ReservedCodeCacheSize=
# This output file may be truncated or incomplete.
#
#  Out of Memory Error (allocation.cpp:328), pid=16628, tid=16076
#
# JRE version: 7.0_21-b11
# Java VM: Java HotSpot(TM) 64-Bit Server VM (23.21-b01 mixed mode windows-amd64 compressed oops)
# Failed to write core dump. Minidumps are not enabled by default on client versions of Windows
#

---------------  T H R E A D  ---------------

Current thread (0x0000000009499800):  JavaThread "C2 CompilerThread1" daemon [_thread_in_native, id=16076, stack(0x000000000b010000,0x000000000b110000)]

Stack: [0x000000000b010000,0x000000000b110000]

Current CompileTask:
C2:   3594   79             com.android.dx.rop.code.RopMethod::calcPredecessors (227 bytes)


---------------  P R O C E S S  ---------------

Java Threads: ( => current thread )
  0x000000000a8e5800 JavaThread "pool-1-thread-4" [_thread_blocked, id=15748, stack(0x000000000ba10000,0x000000000bb10000)]
  0x000000000a8e4000 JavaThread "pool-1-thread-3" [_thread_in_vm, id=17360, stack(0x000000000b890000,0x000000000b990000)]
  0x000000000a8e3000 JavaThread "pool-1-thread-2" [_thread_blocked, id=12944, stack(0x000000000b6e0000,0x000000000b7e0000)]
  0x000000000a8e5000 JavaThread "pool-2-thread-1" [_thread_blocked, id=13864, stack(0x000000000b400000,0x000000000b500000)]
  0x000000000a91a800 JavaThread "pool-1-thread-1" [_thread_blocked, id=16144, stack(0x000000000b2e0000,0x000000000b3e0000)]
  0x00000000094a3800 JavaThread "Service Thread" daemon [_thread_blocked, id=15900, stack(0x000000000b1e0000,0x000000000b2e0000)]
=>0x0000000009499800 JavaThread "C2 CompilerThread1" daemon [_thread_in_native, id=16076, stack(0x000000000b010000,0x000000000b110000)]
  0x0000000009498000 JavaThread "C2 CompilerThread0" daemon [_thread_in_native, id=17160, stack(0x000000000aee0000,0x000000000afe0000)]
  0x0000000009496800 JavaThread "Attach Listener" daemon [_thread_blocked, id=8284, stack(0x000000000a2c0000,0x000000000a3c0000)]
  0x000000000948f800 JavaThread "Signal Dispatcher" daemon [_thread_blocked, id=13768, stack(0x000000000ac30000,0x000000000ad30000)]
  0x0000000002851800 JavaThread "Finalizer" daemon [_thread_blocked, id=16740, stack(0x000000000a560000,0x000000000a660000)]
  0x0000000002850000 JavaThread "Reference Handler" daemon [_thread_blocked, id=17264, stack(0x000000000a6a0000,0x000000000a7a0000)]
  0x0000000001bed800 JavaThread "main" [_thread_in_native, id=12000, stack(0x0000000002ad0000,0x0000000002bd0000)]

Other Threads:
  0x0000000009402800 VMThread [stack: 0x000000000a450000,0x000000000a550000] [id=16472]
  0x00000000094ac800 WatcherThread [stack: 0x000000000ad50000,0x000000000ae50000] [id=16456]

VM state:synchronizing (normal execution)

VM Mutex/Monitor currently owned by a thread:  ([mutex/lock_event])
[0x0000000001beb8e0] Threads_lock - owner thread: 0x0000000009402800
[0x0000000001bebfe0] CompileTaskAlloc_lock - owner thread: 0x000000000a8e4000
[0x0000000001bec3e0] MethodCompileQueue_lock - owner thread: 0x000000000a8e4000

Heap
 PSYoungGen      total 37824K, used 17142K [0x00000000eaab0000, 0x00000000ed4e0000, 0x0000000100000000)
  eden space 32448K, 52% used [0x00000000eaab0000,0x00000000ebb6d810,0x00000000eca60000)
  from space 5376K, 0% used [0x00000000ecfa0000,0x00000000ecfa0000,0x00000000ed4e0000)
  to   space 5376K, 0% used [0x00000000eca60000,0x00000000eca60000,0x00000000ecfa0000)
 ParOldGen       total 86400K, used 0K [0x00000000c0000000, 0x00000000c5460000, 0x00000000eaab0000)
  object space 86400K, 0% used [0x00000000c0000000,0x00000000c0000000,0x00000000c5460000)
 PSPermGen       total 21248K, used 5733K [0x00000000bae00000, 0x00000000bc2c0000, 0x00000000c0000000)
  object space 21248K, 26% used [0x00000000bae00000,0x00000000bb399608,0x00000000bc2c0000)

Card table byte_map: [0x0000000005bd0000,0x0000000005e00000] byte_map_base: 0x00000000055f9000

Polling page: 0x0000000000360000

Code Cache  [0x0000000002bd0000, 0x0000000002e40000, 0x0000000005bd0000)
 total_blobs=312 nmethods=77 adapters=186 free_code_cache=48652Kb largest_free_block=49797120

Compilation events (10 events):
Event: 0.980 Thread 0x0000000009498000 nmethod 74 0x0000000002c48790 code [0x0000000002c488c0, 0x0000000002c48938]
Event: 0.980 Thread 0x0000000009498000   75             java.util.ArrayList::isEmpty (13 bytes)
Event: 0.980 Thread 0x0000000009498000 nmethod 75 0x0000000002c48590 code [0x0000000002c486c0, 0x0000000002c48718]
Event: 0.980 Thread 0x0000000009498000   76             com.android.dx.ssa.SsaMethod::computeReachability (131 bytes)
Event: 0.994 Thread 0x0000000009499800 nmethod 66 0x0000000002c4a2d0 code [0x0000000002c4a460, 0x0000000002c4a9f8]
Event: 0.994 Thread 0x0000000009499800   77             com.android.dx.ssa.back.LivenessAnalyzer::handleTailRecursion (94 bytes)
Event: 1.035 Thread 0x0000000009499800 nmethod 77 0x0000000002c4f4d0 code [0x0000000002c4f6c0, 0x0000000002c4feb0]
Event: 1.035 Thread 0x0000000009499800   78             java.util.AbstractList::<init> (10 bytes)
Event: 1.035 Thread 0x0000000009499800 nmethod 78 0x0000000002c4f250 code [0x0000000002c4f380, 0x0000000002c4f3d8]
Event: 1.035 Thread 0x0000000009499800   79             com.android.dx.rop.code.RopMethod::calcPredecessors (227 bytes)

GC Heap History (0 events):
No events

Deoptimization events (2 events):
Event: 0.832 Thread 0x000000000a8e3000 Uncommon trap -34 fr.pc 0x0000000002c45df4
Event: 1.019 Thread 0x000000000a8e3000 Uncommon trap -12 fr.pc 0x0000000002c4c4d0

Internal exceptions (10 events):
Event: 0.674 Thread 0x000000000a8e4000 Threw 0x00000000eb154948 at C:\jdk7u2_64p\jdk7u21\hotspot\src\share\vm\prims\jvm.cpp:1166
Event: 0.674 Thread 0x000000000a91a800 Threw 0x00000000eb0cb758 at C:\jdk7u2_64p\jdk7u21\hotspot\src\share\vm\prims\jvm.cpp:1166
Event: 0.674 Thread 0x000000000a8e4000 Threw 0x00000000eb157730 at C:\jdk7u2_64p\jdk7u21\hotspot\src\share\vm\prims\jvm.cpp:1166
Event: 0.694 Thread 0x000000000a91a800 Threw 0x00000000eb106990 at C:\jdk7u2_64p\jdk7u21\hotspot\src\share\vm\prims\jvm.cpp:1166
Event: 0.749 Thread 0x000000000a8e5800 Threw 0x00000000eb3f3030 at C:\jdk7u2_64p\jdk7u21\hotspot\src\share\vm\prims\jvm.cpp:1166
Event: 0.757 Thread 0x000000000a8e5800 Threw 0x00000000eb40a250 at C:\jdk7u2_64p\jdk7u21\hotspot\src\share\vm\prims\jvm.cpp:1166
Event: 0.819 Thread 0x000000000a8e3000 Threw 0x00000000eb2bec68 at C:\jdk7u2_64p\jdk7u21\hotspot\src\share\vm\prims\jvm.cpp:1166
Event: 1.019 Thread 0x000000000a8e3000 Implicit null exception at 0x0000000002c4c143 to 0x0000000002c4c4b5
Event: 1.217 Thread 0x000000000a8e5800 Threw 0x00000000eb75dad0 at C:\jdk7u2_64p\jdk7u21\hotspot\src\share\vm\prims\jvm.cpp:1166
Event: 1.673 Thread 0x0000000001bed800 Threw 0x00000000eba51880 at C:\jdk7u2_64p\jdk7u21\hotspot\src\share\vm\prims\jvm.cpp:1166

Events (10 events):
Event: 0.836 loading class 0x000000000941c2d0
Event: 0.836 loading class 0x000000000941c2d0 done
Event: 1.015 loading class 0x0000000002858270
Event: 1.015 loading class 0x0000000002858270 done
Event: 1.019 Thread 0x000000000a8e3000 DEOPT PACKING pc=0x0000000002c4c4d0 sp=0x000000000b7de850
Event: 1.019 Thread 0x000000000a8e3000 DEOPT UNPACKING pc=0x0000000002c09164 sp=0x000000000b7de790 mode 2
Event: 1.217 loading class 0x000000000a8c5b40
Event: 1.217 loading class 0x000000000a8c5b40 done
Event: 1.673 loading class 0x000000000a80ab20
Event: 1.673 loading class 0x000000000a80ab20 done


Dynamic libraries:
0x000000013f380000 - 0x000000013f3b3000 	C:\Program Files\Java\jdk1.7.0_21\bin\java.exe
0x0000000077c80000 - 0x0000000077e2a000 	C:\windows\SYSTEM32\ntdll.dll
0x0000000077a60000 - 0x0000000077b7f000 	C:\windows\system32\kernel32.dll
0x000007fefdbe0000 - 0x000007fefdc4a000 	C:\windows\system32\KERNELBASE.dll
0x000007fefe370000 - 0x000007fefe44b000 	C:\windows\system32\ADVAPI32.dll
0x000007feffd40000 - 0x000007feffddf000 	C:\windows\system32\msvcrt.dll
0x000007fefe970000 - 0x000007fefe98f000 	C:\windows\SYSTEM32\sechost.dll
0x000007fefe4a0000 - 0x000007fefe5cd000 	C:\windows\system32\RPCRT4.dll
0x0000000077b80000 - 0x0000000077c7a000 	C:\windows\system32\USER32.dll
0x000007fefeee0000 - 0x000007fefef47000 	C:\windows\system32\GDI32.dll
0x000007fefee40000 - 0x000007fefee4e000 	C:\windows\system32\LPK.dll
0x000007fefe670000 - 0x000007fefe73a000 	C:\windows\system32\USP10.dll
0x000007fefc3b0000 - 0x000007fefc5a4000 	C:\windows\WinSxS\amd64_microsoft.windows.common-controls_6595b64144ccf1df_6.0.7601.18837_none_fa3b1e3d17594757\COMCTL32.dll
0x000007fefee60000 - 0x000007fefeed1000 	C:\windows\system32\SHLWAPI.dll
0x000007fefe0d0000 - 0x000007fefe0fe000 	C:\windows\system32\IMM32.DLL
0x000007feffde0000 - 0x000007feffee9000 	C:\windows\system32\MSCTF.dll
0x000007fefd930000 - 0x000007fefd96c000 	C:\Windows\system32\nvinitx.dll
0x000000000f000000 - 0x000000000f006000 	C:\Program Files\NVIDIA Corporation\CoProcManager\_etoured.dll
0x000007fefac30000 - 0x000007fefac74000 	C:\Program Files\NVIDIA Corporation\CoProcManager\nvd3d9wrapx.dll
0x000007fefe990000 - 0x000007fefeb67000 	C:\windows\system32\SETUPAPI.dll
0x000007fefdd80000 - 0x000007fefddb6000 	C:\windows\system32\CFGMGR32.dll
0x000007fefe290000 - 0x000007fefe368000 	C:\windows\system32\OLEAUT32.dll
0x000007fefe760000 - 0x000007fefe963000 	C:\windows\system32\ole32.dll
0x000007fefda20000 - 0x000007fefda3a000 	C:\windows\system32\DEVOBJ.dll
0x000007fefabe0000 - 0x000007fefac22000 	C:\Program Files\NVIDIA Corporation\CoProcManager\nvdxgiwrapx.dll
0x000000005bf20000 - 0x000000005bff1000 	C:\Program Files\Java\jdk1.7.0_21\jre\bin\msvcr100.dll
0x000000005e4a0000 - 0x000000005ebc1000 	C:\Program Files\Java\jdk1.7.0_21\jre\bin\server\jvm.dll
0x000007fef9340000 - 0x000007fef9349000 	C:\windows\system32\WSOCK32.dll
0x000007fefe450000 - 0x000007fefe49d000 	C:\windows\system32\WS2_32.dll
0x000007fefee50000 - 0x000007fefee58000 	C:\windows\system32\NSI.dll
0x000007fefbfe0000 - 0x000007fefc01b000 	C:\windows\system32\WINMM.dll
0x0000000077e50000 - 0x0000000077e57000 	C:\windows\system32\PSAPI.DLL
0x000000005fff0000 - 0x000000005ffff000 	C:\Program Files\Java\jdk1.7.0_21\jre\bin\verify.dll
0x000000005ffc0000 - 0x000000005ffe8000 	C:\Program Files\Java\jdk1.7.0_21\jre\bin\java.dll
0x000000005ec90000 - 0x000000005eca5000 	C:\Program Files\Java\jdk1.7.0_21\jre\bin\zip.dll
0x000000005ec70000 - 0x000000005ec89000 	C:\Program Files\Java\jdk1.7.0_21\jre\bin\net.dll
0x000007fefd160000 - 0x000007fefd1b5000 	C:\windows\system32\mswsock.dll
0x000007fefd150000 - 0x000007fefd157000 	C:\windows\System32\wship6.dll
0x000000005ec50000 - 0x000000005ec61000 	C:\Program Files\Java\jdk1.7.0_21\jre\bin\nio.dll

VM Arguments:
jvm_args: -Djava.awt.headless=true -Xmx1024M -Dfile.encoding=UTF-8 -Duser.country=CN -Duser.language=zh -Duser.variant 
java_command: com.android.dx.command.Main --dex --num-threads=4 --output D:\dctgbmob\app\build\intermediates\pre-dexed\debug\com.google.android.gms-play-services-vision-8.4.0_a67aea19420d2c0bde6800995cf1a3cc5b8dfbca.jar D:\dctgbmob\app\build\intermediates\exploded-aar\com.google.android.gms\play-services-vision\8.4.0\jars\classes.jar
Launcher Type: SUN_STANDARD

Environment Variables:
JAVA_HOME=C:\Program Files\Java\jdk1.7.0_21
CLASSPATH=. ;C:\Program Files\Java\jdk1.7.0_21\lib\dt.jar;C:\Program Files\Java\jdk1.7.0_21\ lib\tools.jar;D:\Tomcat6\lib\servlet-api.jar
PATH=C:\Program Files\ImageMagick-7.0.0-Q16;C:\Program Files (x86)\ImageMagick-7.0.0-Q16;C:\Program Files (x86)\SepanderSoft;C:\Program Files\Common Files\Microsoft Shared\Windows Live;C:\Program Files (x86)\Common Files\Microsoft Shared\Windows Live;C:\windows\system32;C:\windows;C:\windows\System32\Wbem;C:\windows\System32\WindowsPowerShell\v1.0\;C:\Program Files\Intel\WiFi\bin\;C:\Program Files\Common Files\Intel\WirelessCommon\;c:\Program Files (x86)\Common Files\Roxio Shared\DLLShared\;c:\Program Files (x86)\Common Files\Roxio Shared\OEM\DLLShared\;c:\Program Files (x86)\Common Files\Roxio Shared\OEM\DLLShared\;c:\Program Files (x86)\Common Files\Roxio Shared\OEM\12.0\DLLShared\;c:\Program Files (x86)\Roxio\OEM\AudioCore\;C:\Program Files (x86)\Windows Live\Shared;D:\MySQL\bin;;D:\Program Files (x86)\MySQL\MySQL Server 5.1\bin;C:\Program Files (x86)\MySQL\MySQL Server 5.1\bin;java_home\bin;java_home\jre\bin;C:\Program Files (x86)\Microsoft SQL Server\100\Tools\Binn\;C:\Program Files\Microsoft SQL Server\100\Tools\Binn\;C:\Program Files\Microsoft SQL Server\100\DTS\Binn\;C:\Program Files (x86)\Microsoft SQL Server\100\Tools\Binn\VSShell\Common7\IDE\;C:\Program Files (x86)\Microsoft Visual Studio 9.0\Common7\IDE\PrivateAssemblies\;C:\Program Files (x86)\Microsoft SQL Server\100\DTS\Binn\;D:\DevInstall\Subversion\bin;C:\Program Files\TortoiseSVN\bin;C:\Program Files\Java\jdk1.7.0_21\bin;E:\ANDROID\adt-bundle-windows-x86_64-20131030\sdk\platform-tools;D:\Tomcat6\lib;D:\Tomcat6\bin;E:\ANDROID\adt-bundle-windows-x86_64-20131030\sdk\tools
USERNAME=lzxyy
OS=Windows_NT
PROCESSOR_IDENTIFIER=Intel64 Family 6 Model 42 Stepping 7, GenuineIntel



---------------  S Y S T E M  ---------------

OS: Windows 7 , 64 bit Build 7601 Service Pack 1

CPU:total 4 (2 cores per cpu, 2 threads per core) family 6 model 42 stepping 7, cmov, cx8, fxsr, mmx, sse, sse2, sse3, ssse3, sse4.1, sse4.2, popcnt, avx, ht, tsc, tscinvbit

Memory: 4k page, physical 8293544k(878944k free), swap 11671640k(264248k free)

vm_info: Java HotSpot(TM) 64-Bit Server VM (23.21-b01) for windows-amd64 JRE (1.7.0_21-b11), built on Apr  4 2013 08:11:28 by "java_re" with unknown MS VC++:1600

time: Sat May 07 01:10:20 2016
elapsed time: 3 seconds

